0 info it worked if it ends with ok
1 verbose cli [ 'D:\\node\\node.exe',
1 verbose cli   'D:\\node\\node_global\\node_modules\\npm\\bin\\npm-cli.js',
1 verbose cli   'install',
1 verbose cli   'animated.css',
1 verbose cli   '--save' ]
2 info using npm@6.11.2
3 info using node@v10.16.3
4 verbose npm-session da5e54de80eb9615
5 silly install loadCurrentTree
6 silly install readLocalPackageData
7 http fetch GET 404 https://registry.npmjs.com/animated.css 1135ms
8 http fetch GET 404 https://registry.npmjs.com/animated.css 326ms
9 silly fetchPackageMetaData error for animated.css@latest 404 Not Found - GET https://registry.npmjs.com/animated.css - Not found
10 timing stage:rollbackFailedOptional Completed in 1ms
11 timing stage:runTopLevelLifecycles Completed in 13724ms
12 verbose stack Error: 404 Not Found - GET https://registry.npmjs.com/animated.css - Not found
12 verbose stack     at res.buffer.catch.then.body (D:\node\node_global\node_modules\npm\node_modules\npm-registry-fetch\check-response.js:104:15)
12 verbose stack     at process._tickCallback (internal/process/next_tick.js:68:7)
13 verbose statusCode 404
14 verbose pkgid animated.css@latest
15 verbose cwd D:\VdistList\VueOne
16 verbose Windows_NT 10.0.18362
17 verbose argv "D:\\node\\node.exe" "D:\\node\\node_global\\node_modules\\npm\\bin\\npm-cli.js" "install" "animated.css" "--save"
18 verbose node v10.16.3
19 verbose npm  v6.11.2
20 error code E404
21 error 404 Not Found - GET https://registry.npmjs.com/animated.css - Not found
22 error 404
23 error 404 'animated.css@latest' is not in the npm registry.
24 error 404 You should bug the author to publish it (or use the name yourself!)
25 error 404 Note that you can also install from a
26 error 404 tarball, folder, http url, or git url.
27 verbose exit [ 1, true ]
