0 info it worked if it ends with ok
1 verbose cli [ 'D:\\node\\node.exe',
1 verbose cli   'D:\\node\\node_global\\node_modules\\npm\\bin\\npm-cli.js',
1 verbose cli   'run',
1 verbose cli   'dev' ]
2 info using npm@6.11.2
3 info using node@v10.16.3
4 verbose run-script [ 'predev', 'dev', 'postdev' ]
5 info lifecycle yes@1.0.0~predev: yes@1.0.0
6 info lifecycle yes@1.0.0~dev: yes@1.0.0
7 verbose lifecycle yes@1.0.0~dev: unsafe-perm in lifecycle true
8 verbose lifecycle yes@1.0.0~dev: PATH: D:\node\node_global\node_modules\npm\node_modules\npm-lifecycle\node-gyp-bin;D:\VdistList\VueOne\node_modules\.bin;C:\Windows\system32;C:\Windows;C:\Windows\System32\Wbem;C:\Windows\System32\WindowsPowerShell\v1.0\;C:\Windows\System32\OpenSSH\;D:\node\;D:\node\node_global;C:\Users\Administrator\AppData\Local\Microsoft\WindowsApps;C:\Users\Administrator\AppData\Roaming\npm
9 verbose lifecycle yes@1.0.0~dev: CWD: D:\VdistList\VueOne
10 silly lifecycle yes@1.0.0~dev: Args: [ '/d /s /c',
10 silly lifecycle   'webpack-dev-server --inline --progress --config build/webpack.dev.conf.js' ]
11 silly lifecycle yes@1.0.0~dev: Returned: code: 1  signal: null
12 info lifecycle yes@1.0.0~dev: Failed to exec dev script
13 verbose stack Error: yes@1.0.0 dev: `webpack-dev-server --inline --progress --config build/webpack.dev.conf.js`
13 verbose stack Exit status 1
13 verbose stack     at EventEmitter.<anonymous> (D:\node\node_global\node_modules\npm\node_modules\npm-lifecycle\index.js:332:16)
13 verbose stack     at EventEmitter.emit (events.js:198:13)
13 verbose stack     at ChildProcess.<anonymous> (D:\node\node_global\node_modules\npm\node_modules\npm-lifecycle\lib\spawn.js:55:14)
13 verbose stack     at ChildProcess.emit (events.js:198:13)
13 verbose stack     at maybeClose (internal/child_process.js:982:16)
13 verbose stack     at Process.ChildProcess._handle.onexit (internal/child_process.js:259:5)
14 verbose pkgid yes@1.0.0
15 verbose cwd D:\VdistList\VueOne
16 verbose Windows_NT 10.0.18362
17 verbose argv "D:\\node\\node.exe" "D:\\node\\node_global\\node_modules\\npm\\bin\\npm-cli.js" "run" "dev"
18 verbose node v10.16.3
19 verbose npm  v6.11.2
20 error code ELIFECYCLE
21 error errno 1
22 error yes@1.0.0 dev: `webpack-dev-server --inline --progress --config build/webpack.dev.conf.js`
22 error Exit status 1
23 error Failed at the yes@1.0.0 dev script.
23 error This is probably not a problem with npm. There is likely additional logging output above.
24 verbose exit [ 1, true ]
