0 info it worked if it ends with ok
1 verbose cli [ 'D:\\node\\node.exe',
1 verbose cli   'D:\\node\\node_global\\node_modules\\npm\\bin\\npm-cli.js',
1 verbose cli   'run',
1 verbose cli   'unit' ]
2 info using npm@6.11.2
3 info using node@v10.16.3
4 verbose stack Error: missing script: unit
4 verbose stack     at run (D:\node\node_global\node_modules\npm\lib\run-script.js:155:19)
4 verbose stack     at D:\node\node_global\node_modules\npm\lib\run-script.js:63:5
4 verbose stack     at D:\node\node_global\node_modules\npm\node_modules\read-package-json\read-json.js:116:5
4 verbose stack     at D:\node\node_global\node_modules\npm\node_modules\read-package-json\read-json.js:435:5
4 verbose stack     at checkBinReferences_ (D:\node\node_global\node_modules\npm\node_modules\read-package-json\read-json.js:391:45)
4 verbose stack     at final (D:\node\node_global\node_modules\npm\node_modules\read-package-json\read-json.js:433:3)
4 verbose stack     at then (D:\node\node_global\node_modules\npm\node_modules\read-package-json\read-json.js:161:5)
4 verbose stack     at D:\node\node_global\node_modules\npm\node_modules\read-package-json\read-json.js:281:12
4 verbose stack     at D:\node\node_global\node_modules\npm\node_modules\graceful-fs\graceful-fs.js:115:16
4 verbose stack     at FSReqWrap.readFileAfterClose [as oncomplete] (internal/fs/read_file_context.js:53:3)
5 verbose cwd D:\VdistList\VueOne
6 verbose Windows_NT 10.0.18362
7 verbose argv "D:\\node\\node.exe" "D:\\node\\node_global\\node_modules\\npm\\bin\\npm-cli.js" "run" "unit"
8 verbose node v10.16.3
9 verbose npm  v6.11.2
10 error missing script: unit
11 verbose exit [ 1, true ]
